<?xml version="1.0" encoding="UTF-8"?>
<!-- Generated by org.testng.reporters.JUnitReportReporter -->
<testsuite skipped="0" hostname="user" name="fedcap.Login" tests="1" failures="0" timestamp="2021-08-03T12:36:59 IST" time="45.010" errors="0">
  <testcase name="login" time="45.010" classname="fedcap.Login"/>
  <system-out/>
</testsuite> <!-- fedcap.Login -->
