<?xml version="1.0" encoding="UTF-8"?>
<!-- Generated by org.testng.reporters.JUnitReportReporter -->
<testsuite skipped="0" hostname="user" name="fedcap.Opportunitylighting" tests="5" failures="0" timestamp="2021-08-03T18:26:59 IST" time="689.924" errors="0">
  <testcase name="changeownerOpportunity" time="141.449" classname="fedcap.Opportunitylighting"/>
  <system-out/>
  <testcase name="editOpportunitybyeditbutton" time="123.166" classname="fedcap.Opportunitylighting"/>
  <system-out/>
  <testcase name="cloneOpportunity" time="115.646" classname="fedcap.Opportunitylighting"/>
  <system-out/>
  <testcase name="editOpportunitybypencilicon" time="163.212" classname="fedcap.Opportunitylighting"/>
  <system-out/>
  <testcase name="CreateNewOpportunity" time="146.451" classname="fedcap.Opportunitylighting"/>
  <system-out/>
</testsuite> <!-- fedcap.Opportunitylighting -->
