<?xml version="1.0" encoding="UTF-8"?>
<!-- Generated by org.testng.reporters.JUnitReportReporter -->
<testsuite skipped="0" hostname="user" name="fedcap.Login" tests="1" failures="0" timestamp="2021-07-29T18:42:23 IST" time="174.081" errors="0">
  <testcase name="login" time="174.081" classname="fedcap.Login"/>
  <system-out/>
</testsuite> <!-- fedcap.Login -->
